<?xml version="1.0" encoding="UTF-8"?>
<!-- Generated by org.testng.reporters.JUnitReportReporter -->
<testsuite hostname="LAPTOP-D34DC2QJ" name="com.busyqa.batch16.uitests.testCases.TC03_LoginTest" tests="1" failures="0" timestamp="30 Jul 2020 12:13:13 GMT" time="2.242" errors="0">
  <testcase name="loginTest03" time="2.242" classname="com.busyqa.batch16.uitests.testCases.TC03_LoginTest"/>
</testsuite> <!-- com.busyqa.batch16.uitests.testCases.TC03_LoginTest -->
