<?xml version="1.0" encoding="UTF-8"?>
<!-- Generated by org.testng.reporters.JUnitReportReporter -->
<testsuite hostname="LAPTOP-D34DC2QJ" name="com.busyqa.batch16.uitests.testCases.TC04_LoginSuccessTest" tests="1" failures="0" timestamp="30 Jul 2020 12:13:13 GMT" time="9.238" errors="0">
  <testcase name="loginTest04" time="9.238" classname="com.busyqa.batch16.uitests.testCases.TC04_LoginSuccessTest"/>
</testsuite> <!-- com.busyqa.batch16.uitests.testCases.TC04_LoginSuccessTest -->
